<?xml version="1.0" encoding="UTF-8"?>
<coverage generated="1668394997621" clover="3.2.0">
  <project timestamp="1668394997621" name="All files">
    <metrics statements="29" coveredstatements="26" conditionals="7" coveredconditionals="6" methods="11" coveredmethods="11" elements="47" coveredelements="43" complexity="0" loc="29" ncloc="29" packages="1" files="1" classes="1"/>
    <file name="linked-list.js" path="C:\Users\16462\Desktop\dsa-arrays-linked-lists\linked-list.js">
      <metrics statements="29" coveredstatements="26" conditionals="7" coveredconditionals="6" methods="11" coveredmethods="11"/>
      <line num="5" count="27" type="stmt"/>
      <line num="6" count="27" type="stmt"/>
      <line num="14" count="11" type="stmt"/>
      <line num="15" count="11" type="stmt"/>
      <line num="16" count="11" type="stmt"/>
      <line num="18" count="20" type="stmt"/>
      <line num="24" count="23" type="stmt"/>
      <line num="25" count="23" type="cond" truecount="2" falsecount="0"/>
      <line num="26" count="8" type="stmt"/>
      <line num="27" count="8" type="stmt"/>
      <line num="29" count="23" type="stmt"/>
      <line num="30" count="23" type="stmt"/>
      <line num="31" count="23" type="stmt"/>
      <line num="37" count="3" type="stmt"/>
      <line num="38" count="3" type="cond" truecount="2" falsecount="0"/>
      <line num="39" count="1" type="stmt"/>
      <line num="40" count="1" type="stmt"/>
      <line num="42" count="3" type="stmt"/>
      <line num="43" count="3" type="stmt"/>
      <line num="44" count="3" type="stmt"/>
      <line num="50" count="1" type="stmt"/>
      <line num="56" count="1" type="stmt"/>
      <line num="62" count="1" type="stmt"/>
      <line num="63" count="1" type="cond" truecount="1" falsecount="1"/>
      <line num="64" count="0" type="stmt"/>
      <line num="65" count="0" type="stmt"/>
      <line num="67" count="1" type="stmt"/>
      <line num="68" count="0" type="stmt"/>
      <line num="98" count="1" type="stmt"/>
    </file>
  </project>
</coverage>
