{"C:\\Users\\16462\\Desktop\\dsa-arrays-linked-lists\\linked-list.js": {"path":"C:\\Users\\16462\\Desktop\\dsa-arrays-linked-lists\\linked-list.js","statementMap":{"0":{"start":{"line":5,"column":4},"end":{"line":5,"column":19}},"1":{"start":{"line":6,"column":4},"end":{"line":6,"column":21}},"2":{"start":{"line":14,"column":4},"end":{"line":14,"column":21}},"3":{"start":{"line":15,"column":4},"end":{"line":15,"column":21}},"4":{"start":{"line":16,"column":4},"end":{"line":16,"column":20}},"5":{"start":{"line":18,"column":4},"end":{"line":18,"column":41}},"6":{"start":{"line":18,"column":26},"end":{"line":18,"column":41}},"7":{"start":{"line":24,"column":17},"end":{"line":24,"column":30}},"8":{"start":{"line":25,"column":0},"end":{"line":28,"column":1}},"9":{"start":{"line":26,"column":2},"end":{"line":26,"column":23}},"10":{"start":{"line":27,"column":2},"end":{"line":27,"column":23}},"11":{"start":{"line":29,"column":0},"end":{"line":29,"column":26}},"12":{"start":{"line":30,"column":0},"end":{"line":30,"column":21}},"13":{"start":{"line":31,"column":0},"end":{"line":31,"column":29}},"14":{"start":{"line":37,"column":19},"end":{"line":37,"column":32}},"15":{"start":{"line":38,"column":4},"end":{"line":41,"column":5}},"16":{"start":{"line":39,"column":6},"end":{"line":39,"column":24}},"17":{"start":{"line":40,"column":6},"end":{"line":40,"column":24}},"18":{"start":{"line":42,"column":4},"end":{"line":42,"column":28}},"19":{"start":{"line":43,"column":4},"end":{"line":43,"column":22}},"20":{"start":{"line":44,"column":4},"end":{"line":44,"column":33}},"21":{"start":{"line":50,"column":4},"end":{"line":50,"column":33}},"22":{"start":{"line":56,"column":3},"end":{"line":56,"column":27}},"23":{"start":{"line":62,"column":11},"end":{"line":62,"column":21}},"24":{"start":{"line":63,"column":0},"end":{"line":66,"column":1}},"25":{"start":{"line":64,"column":2},"end":{"line":64,"column":18}},"26":{"start":{"line":65,"column":2},"end":{"line":65,"column":18}},"27":{"start":{"line":67,"column":0},"end":{"line":70,"column":1}},"28":{"start":{"line":67,"column":13},"end":{"line":67,"column":14}},"29":{"start":{"line":68,"column":3},"end":{"line":68,"column":27}},"30":{"start":{"line":98,"column":0},"end":{"line":98,"column":28}}},"fnMap":{"0":{"name":"(anonymous_0)","decl":{"start":{"line":4,"column":2},"end":{"line":4,"column":3}},"loc":{"start":{"line":4,"column":19},"end":{"line":7,"column":3}},"line":4},"1":{"name":"(anonymous_1)","decl":{"start":{"line":13,"column":2},"end":{"line":13,"column":3}},"loc":{"start":{"line":13,"column":25},"end":{"line":19,"column":3}},"line":13},"2":{"name":"(anonymous_2)","decl":{"start":{"line":23,"column":2},"end":{"line":23,"column":3}},"loc":{"start":{"line":23,"column":12},"end":{"line":32,"column":3}},"line":23},"3":{"name":"(anonymous_3)","decl":{"start":{"line":36,"column":2},"end":{"line":36,"column":3}},"loc":{"start":{"line":36,"column":15},"end":{"line":45,"column":3}},"line":36},"4":{"name":"(anonymous_4)","decl":{"start":{"line":49,"column":2},"end":{"line":49,"column":3}},"loc":{"start":{"line":49,"column":8},"end":{"line":51,"column":3}},"line":49},"5":{"name":"(anonymous_5)","decl":{"start":{"line":55,"column":2},"end":{"line":55,"column":3}},"loc":{"start":{"line":55,"column":10},"end":{"line":57,"column":3}},"line":55},"6":{"name":"(anonymous_6)","decl":{"start":{"line":61,"column":2},"end":{"line":61,"column":3}},"loc":{"start":{"line":61,"column":13},"end":{"line":71,"column":3}},"line":61},"7":{"name":"(anonymous_7)","decl":{"start":{"line":75,"column":2},"end":{"line":75,"column":3}},"loc":{"start":{"line":75,"column":18},"end":{"line":77,"column":3}},"line":75},"8":{"name":"(anonymous_8)","decl":{"start":{"line":81,"column":2},"end":{"line":81,"column":3}},"loc":{"start":{"line":81,"column":21},"end":{"line":83,"column":3}},"line":81},"9":{"name":"(anonymous_9)","decl":{"start":{"line":87,"column":2},"end":{"line":87,"column":3}},"loc":{"start":{"line":87,"column":16},"end":{"line":89,"column":3}},"line":87},"10":{"name":"(anonymous_10)","decl":{"start":{"line":93,"column":2},"end":{"line":93,"column":3}},"loc":{"start":{"line":93,"column":12},"end":{"line":95,"column":3}},"line":93}},"branchMap":{"0":{"loc":{"start":{"line":13,"column":14},"end":{"line":13,"column":23}},"type":"default-arg","locations":[{"start":{"line":13,"column":21},"end":{"line":13,"column":23}}],"line":13},"1":{"loc":{"start":{"line":25,"column":0},"end":{"line":28,"column":1}},"type":"if","locations":[{"start":{"line":25,"column":0},"end":{"line":28,"column":1}},{"start":{"line":25,"column":0},"end":{"line":28,"column":1}}],"line":25},"2":{"loc":{"start":{"line":38,"column":4},"end":{"line":41,"column":5}},"type":"if","locations":[{"start":{"line":38,"column":4},"end":{"line":41,"column":5}},{"start":{"line":38,"column":4},"end":{"line":41,"column":5}}],"line":38},"3":{"loc":{"start":{"line":63,"column":0},"end":{"line":66,"column":1}},"type":"if","locations":[{"start":{"line":63,"column":0},"end":{"line":66,"column":1}},{"start":{"line":63,"column":0},"end":{"line":66,"column":1}}],"line":63}},"s":{"0":27,"1":27,"2":11,"3":11,"4":11,"5":11,"6":20,"7":23,"8":23,"9":8,"10":8,"11":23,"12":23,"13":23,"14":3,"15":3,"16":1,"17":1,"18":3,"19":3,"20":3,"21":1,"22":1,"23":1,"24":1,"25":0,"26":0,"27":1,"28":1,"29":0,"30":1},"f":{"0":27,"1":11,"2":23,"3":3,"4":1,"5":1,"6":1,"7":2,"8":2,"9":3,"10":2},"b":{"0":[4],"1":[8,15],"2":[1,2],"3":[0,1]},"_coverageSchema":"43e27e138ebf9cfc5966b082cf9a028302ed4184","hash":"99662eb8eb1c960aab44d5f30fae8ddbe821e46c"}
}
