TN:
SF:C:\Users\16462\Desktop\dsa-arrays-linked-lists\linked-list.js
FN:4,(anonymous_0)
FN:13,(anonymous_1)
FN:23,(anonymous_2)
FN:36,(anonymous_3)
FN:49,(anonymous_4)
FN:55,(anonymous_5)
FN:61,(anonymous_6)
FN:75,(anonymous_7)
FN:81,(anonymous_8)
FN:87,(anonymous_9)
FN:93,(anonymous_10)
FNF:11
FNH:11
FNDA:27,(anonymous_0)
FNDA:11,(anonymous_1)
FNDA:23,(anonymous_2)
FNDA:3,(anonymous_3)
FNDA:1,(anonymous_4)
FNDA:1,(anonymous_5)
FNDA:1,(anonymous_6)
FNDA:2,(anonymous_7)
FNDA:2,(anonymous_8)
FNDA:3,(anonymous_9)
FNDA:2,(anonymous_10)
DA:5,27
DA:6,27
DA:14,11
DA:15,11
DA:16,11
DA:18,20
DA:24,23
DA:25,23
DA:26,8
DA:27,8
DA:29,23
DA:30,23
DA:31,23
DA:37,3
DA:38,3
DA:39,1
DA:40,1
DA:42,3
DA:43,3
DA:44,3
DA:50,1
DA:56,1
DA:62,1
DA:63,1
DA:64,0
DA:65,0
DA:67,1
DA:68,0
DA:98,1
LF:29
LH:26
BRDA:13,0,0,4
BRDA:25,1,0,8
BRDA:25,1,1,15
BRDA:38,2,0,1
BRDA:38,2,1,2
BRDA:63,3,0,0
BRDA:63,3,1,1
BRF:7
BRH:6
end_of_record
